0 info it worked if it ends with ok
1 verbose cli [ 'C:\\Java\\nodejs\\\\node.exe',
1 verbose cli   'C:\\Java\\nodejs\\node_modules\\npm\\bin\\npm-cli.js',
1 verbose cli   'run',
1 verbose cli   'serve' ]
2 info using npm@2.7.4
3 info using node@v0.12.2
4 verbose node symlink C:\Java\nodejs\\node.exe
5 verbose run-script [ 'preserve', 'serve', 'postserve' ]
6 info preserve 0_initial-setup@0.0.0
7 info serve 0_initial-setup@0.0.0
8 verbose unsafe-perm in lifecycle true
9 info 0_initial-setup@0.0.0 Failed to exec serve script
10 verbose stack Error: 0_initial-setup@0.0.0 serve: `node node_modules/webpack-dev-server/bin/webpack-dev-server --content-base src --hot --inline `
10 verbose stack Exit status 1
10 verbose stack     at EventEmitter.<anonymous> (C:\Java\nodejs\node_modules\npm\lib\utils\lifecycle.js:213:16)
10 verbose stack     at EventEmitter.emit (events.js:110:17)
10 verbose stack     at ChildProcess.<anonymous> (C:\Java\nodejs\node_modules\npm\lib\utils\spawn.js:14:12)
10 verbose stack     at ChildProcess.emit (events.js:110:17)
10 verbose stack     at maybeClose (child_process.js:1015:16)
10 verbose stack     at Process.ChildProcess._handle.onexit (child_process.js:1087:5)
11 verbose pkgid 0_initial-setup@0.0.0
12 verbose cwd D:\Java\edoras-vis\ANG2\0_initial-setup
13 error Windows_NT 6.3.9600
14 error argv "C:\\Java\\nodejs\\\\node.exe" "C:\\Java\\nodejs\\node_modules\\npm\\bin\\npm-cli.js" "run" "serve"
15 error node v0.12.2
16 error npm  v2.7.4
17 error code ELIFECYCLE
18 error 0_initial-setup@0.0.0 serve: `node node_modules/webpack-dev-server/bin/webpack-dev-server --content-base src --hot --inline `
18 error Exit status 1
19 error Failed at the 0_initial-setup@0.0.0 serve script 'node node_modules/webpack-dev-server/bin/webpack-dev-server --content-base src --hot --inline '.
19 error This is most likely a problem with the 0_initial-setup package,
19 error not with npm itself.
19 error Tell the author that this fails on your system:
19 error     node node_modules/webpack-dev-server/bin/webpack-dev-server --content-base src --hot --inline
19 error You can get their info via:
19 error     npm owner ls 0_initial-setup
19 error There is likely additional logging output above.
20 verbose exit [ 1, true ]
