0 info it worked if it ends with ok
1 verbose cli [ 'C:\\Java\\nodejs\\\\node.exe',
1 verbose cli   'C:\\Java\\nodejs\\node_modules\\npm\\bin\\npm-cli.js',
1 verbose cli   'run',
1 verbose cli   'test' ]
2 info using npm@2.7.4
3 info using node@v0.12.2
4 verbose node symlink C:\Java\nodejs\\node.exe
5 verbose run-script [ 'pretest', 'test', 'posttest' ]
6 info pretest 1_jasmine-karma-hello-world@1.0.0
7 info test 1_jasmine-karma-hello-world@1.0.0
8 verbose unsafe-perm in lifecycle true
9 info 1_jasmine-karma-hello-world@1.0.0 Failed to exec test script
10 verbose stack Error: 1_jasmine-karma-hello-world@1.0.0 test: `node_modules/karma/bin/karma start`
10 verbose stack Exit status 1
10 verbose stack     at EventEmitter.<anonymous> (C:\Java\nodejs\node_modules\npm\lib\utils\lifecycle.js:213:16)
10 verbose stack     at EventEmitter.emit (events.js:110:17)
10 verbose stack     at ChildProcess.<anonymous> (C:\Java\nodejs\node_modules\npm\lib\utils\spawn.js:14:12)
10 verbose stack     at ChildProcess.emit (events.js:110:17)
10 verbose stack     at maybeClose (child_process.js:1015:16)
10 verbose stack     at Process.ChildProcess._handle.onexit (child_process.js:1087:5)
11 verbose pkgid 1_jasmine-karma-hello-world@1.0.0
12 verbose cwd D:\Java\edoras-vis\ANG\1_jasmine-karma-hello-world
13 error Windows_NT 6.3.9600
14 error argv "C:\\Java\\nodejs\\\\node.exe" "C:\\Java\\nodejs\\node_modules\\npm\\bin\\npm-cli.js" "run" "test"
15 error node v0.12.2
16 error npm  v2.7.4
17 error code ELIFECYCLE
18 error 1_jasmine-karma-hello-world@1.0.0 test: `node_modules/karma/bin/karma start`
18 error Exit status 1
19 error Failed at the 1_jasmine-karma-hello-world@1.0.0 test script 'node_modules/karma/bin/karma start'.
19 error This is most likely a problem with the 1_jasmine-karma-hello-world package,
19 error not with npm itself.
19 error Tell the author that this fails on your system:
19 error     node_modules/karma/bin/karma start
19 error You can get their info via:
19 error     npm owner ls 1_jasmine-karma-hello-world
19 error There is likely additional logging output above.
20 verbose exit [ 1, true ]
